# JRE version: Java(TM) SE Runtime Environment (8.0_151-b12) (build 1.8.0_151-b12)
# Java VM: Java HotSpot(TM) 64-Bit Server VM (25.151-b12 mixed mode windows-amd64 compressed oops)
Heap:
 PSYoungGen      total 214528K, used 138738K [0x00000000d5f00000, 0x00000000e7f00000, 0x0000000100000000)
  eden space 199680K, 62% used [0x00000000d5f00000,0x00000000dd801800,0x00000000e2200000)
  from space 14848K, 99% used [0x00000000e7080000,0x00000000e7efb018,0x00000000e7f00000)
  to   space 18944K, 0% used [0x00000000e5a00000,0x00000000e5a00000,0x00000000e6c80000)
 ParOldGen       total 81408K, used 29313K [0x0000000081c00000, 0x0000000086b80000, 0x00000000d5f00000)
  object space 81408K, 36% used [0x0000000081c00000,0x00000000838a0638,0x0000000086b80000)
 Metaspace       used 27847K, capacity 28712K, committed 28928K, reserved 1075200K
  class space    used 3219K, capacity 3522K, committed 3584K, reserved 1048576K
GC Heap History (10 events):
Event: 1.692 GC heap before
{Heap before GC invocations=5 (full 0):
 PSYoungGen      total 71680K, used 71648K [0x00000000d5f00000, 0x00000000daa00000, 0x0000000100000000)
  eden space 66560K, 100% used [0x00000000d5f00000,0x00000000da000000,0x00000000da000000)
  from space 5120K, 99% used [0x00000000da500000,0x00000000da9f8050,0x00000000daa00000)
  to   space 5120K, 0% used [0x00000000da000000,0x00000000da000000,0x00000000da500000)
 ParOldGen       total 87552K, used 9828K [0x0000000081c00000, 0x0000000087180000, 0x00000000d5f00000)
  object space 87552K, 11% used [0x0000000081c00000,0x0000000082599350,0x0000000087180000)
 Metaspace       used 16264K, capacity 16522K, committed 16896K, reserved 1064960K
  class space    used 1939K, capacity 2013K, committed 2048K, reserved 1048576K
Event: 1.708 GC heap after
Heap after GC invocations=5 (full 0):
 PSYoungGen      total 71680K, used 5088K [0x00000000d5f00000, 0x00000000dfb00000, 0x0000000100000000)
  eden space 66560K, 0% used [0x00000000d5f00000,0x00000000d5f00000,0x00000000da000000)
  from space 5120K, 99% used [0x00000000da000000,0x00000000da4f8030,0x00000000da500000)
  to   space 13312K, 0% used [0x00000000dee00000,0x00000000dee00000,0x00000000dfb00000)
 ParOldGen       total 87552K, used 16606K [0x0000000081c00000, 0x0000000087180000, 0x00000000d5f00000)
  object space 87552K, 18% used [0x0000000081c00000,0x0000000082c37908,0x0000000087180000)
 Metaspace       used 16264K, capacity 16522K, committed 16896K, reserved 1064960K
  class space    used 1939K, capacity 2013K, committed 2048K, reserved 1048576K
}
Event: 2.021 GC heap before
{Heap before GC invocations=6 (full 0):
 PSYoungGen      total 71680K, used 71648K [0x00000000d5f00000, 0x00000000dfb00000, 0x0000000100000000)
  eden space 66560K, 100% used [0x00000000d5f00000,0x00000000da000000,0x00000000da000000)
  from space 5120K, 99% used [0x00000000da000000,0x00000000da4f8030,0x00000000da500000)
  to   space 13312K, 0% used [0x00000000dee00000,0x00000000dee00000,0x00000000dfb00000)
 ParOldGen       total 87552K, used 16606K [0x0000000081c00000, 0x0000000087180000, 0x00000000d5f00000)
  object space 87552K, 18% used [0x0000000081c00000,0x0000000082c37908,0x0000000087180000)
 Metaspace       used 16788K, capacity 17090K, committed 17536K, reserved 1064960K
  class space    used 1957K, capacity 2049K, committed 2176K, reserved 1048576K
Event: 2.039 GC heap after
Heap after GC invocations=6 (full 0):
 PSYoungGen      total 145920K, used 10720K [0x00000000d5f00000, 0x00000000dfc00000, 0x0000000100000000)
  eden space 132608K, 0% used [0x00000000d5f00000,0x00000000d5f00000,0x00000000de080000)
  from space 13312K, 80% used [0x00000000dee00000,0x00000000df878050,0x00000000dfb00000)
  to   space 13824K, 0% used [0x00000000de080000,0x00000000de080000,0x00000000dee00000)
 ParOldGen       total 87552K, used 16614K [0x0000000081c00000, 0x0000000087180000, 0x00000000d5f00000)
  object space 87552K, 18% used [0x0000000081c00000,0x0000000082c39908,0x0000000087180000)
 Metaspace       used 16788K, capacity 17090K, committed 17536K, reserved 1064960K
  class space    used 1957K, capacity 2049K, committed 2176K, reserved 1048576K
}
Event: 2.416 GC heap before
{Heap before GC invocations=7 (full 0):
 PSYoungGen      total 145920K, used 55779K [0x00000000d5f00000, 0x00000000dfc00000, 0x0000000100000000)
  eden space 132608K, 33% used [0x00000000d5f00000,0x00000000d8b00d78,0x00000000de080000)
  from space 13312K, 80% used [0x00000000dee00000,0x00000000df878050,0x00000000dfb00000)
  to   space 13824K, 0% used [0x00000000de080000,0x00000000de080000,0x00000000dee00000)
 ParOldGen       total 87552K, used 16614K [0x0000000081c00000, 0x0000000087180000, 0x00000000d5f00000)
  object space 87552K, 18% used [0x0000000081c00000,0x0000000082c39908,0x0000000087180000)
 Metaspace       used 20678K, capacity 21050K, committed 21296K, reserved 1069056K
  class space    used 2464K, capacity 2585K, committed 2688K, reserved 1048576K
Event: 2.431 GC heap after
Heap after GC invocations=7 (full 0):
 PSYoungGen      total 146432K, used 12388K [0x00000000d5f00000, 0x00000000e7f00000, 0x0000000100000000)
  eden space 132608K, 0% used [0x00000000d5f00000,0x00000000d5f00000,0x00000000de080000)
  from space 13824K, 89% used [0x00000000de080000,0x00000000dec99138,0x00000000dee00000)
  to   space 14848K, 0% used [0x00000000e7080000,0x00000000e7080000,0x00000000e7f00000)
 ParOldGen       total 87552K, used 18398K [0x0000000081c00000, 0x0000000087180000, 0x00000000d5f00000)
  object space 87552K, 21% used [0x0000000081c00000,0x0000000082df79b8,0x0000000087180000)
 Metaspace       used 20678K, capacity 21050K, committed 21296K, reserved 1069056K
  class space    used 2464K, capacity 2585K, committed 2688K, reserved 1048576K
}
Event: 2.431 GC heap before
{Heap before GC invocations=8 (full 1):
 PSYoungGen      total 146432K, used 12388K [0x00000000d5f00000, 0x00000000e7f00000, 0x0000000100000000)
  eden space 132608K, 0% used [0x00000000d5f00000,0x00000000d5f00000,0x00000000de080000)
  from space 13824K, 89% used [0x00000000de080000,0x00000000dec99138,0x00000000dee00000)
  to   space 14848K, 0% used [0x00000000e7080000,0x00000000e7080000,0x00000000e7f00000)
 ParOldGen       total 87552K, used 18398K [0x0000000081c00000, 0x0000000087180000, 0x00000000d5f00000)
  object space 87552K, 21% used [0x0000000081c00000,0x0000000082df79b8,0x0000000087180000)
 Metaspace       used 20678K, capacity 21050K, committed 21296K, reserved 1069056K
  class space    used 2464K, capacity 2585K, committed 2688K, reserved 1048576K
Event: 2.509 GC heap after
Heap after GC invocations=8 (full 1):
 PSYoungGen      total 146432K, used 0K [0x00000000d5f00000, 0x00000000e7f00000, 0x0000000100000000)
  eden space 132608K, 0% used [0x00000000d5f00000,0x00000000d5f00000,0x00000000de080000)
  from space 13824K, 0% used [0x00000000de080000,0x00000000de080000,0x00000000dee00000)
  to   space 14848K, 0% used [0x00000000e7080000,0x00000000e7080000,0x00000000e7f00000)
 ParOldGen       total 81408K, used 24264K [0x0000000081c00000, 0x0000000086b80000, 0x00000000d5f00000)
  object space 81408K, 29% used [0x0000000081c00000,0x00000000833b21c8,0x0000000086b80000)
 Metaspace       used 20678K, capacity 21050K, committed 21296K, reserved 1069056K
  class space    used 2464K, capacity 2585K, committed 2688K, reserved 1048576K
}
Event: 3.595 GC heap before
{Heap before GC invocations=9 (full 1):
 PSYoungGen      total 146432K, used 132608K [0x00000000d5f00000, 0x00000000e7f00000, 0x0000000100000000)
  eden space 132608K, 100% used [0x00000000d5f00000,0x00000000de080000,0x00000000de080000)
  from space 13824K, 0% used [0x00000000de080000,0x00000000de080000,0x00000000dee00000)
  to   space 14848K, 0% used [0x00000000e7080000,0x00000000e7080000,0x00000000e7f00000)
 ParOldGen       total 81408K, used 24264K [0x0000000081c00000, 0x0000000086b80000, 0x00000000d5f00000)
  object space 81408K, 29% used [0x0000000081c00000,0x00000000833b21c8,0x0000000086b80000)
 Metaspace       used 25737K, capacity 26386K, committed 26624K, reserved 1073152K
  class space    used 2989K, capacity 3215K, committed 3328K, reserved 1048576K
Event: 3.618 GC heap after
Heap after GC invocations=9 (full 1):
 PSYoungGen      total 214528K, used 14828K [0x00000000d5f00000, 0x00000000e7f00000, 0x0000000100000000)
  eden space 199680K, 0% used [0x00000000d5f00000,0x00000000d5f00000,0x00000000e2200000)
  from space 14848K, 99% used [0x00000000e7080000,0x00000000e7efb018,0x00000000e7f00000)
  to   space 18944K, 0% used [0x00000000e5a00000,0x00000000e5a00000,0x00000000e6c80000)
 ParOldGen       total 81408K, used 29313K [0x0000000081c00000, 0x0000000086b80000, 0x00000000d5f00000)
  object space 81408K, 36% used [0x0000000081c00000,0x00000000838a0638,0x0000000086b80000)
 Metaspace       used 25737K, capacity 26386K, committed 26624K, reserved 1073152K
  class space    used 2989K, capacity 3215K, committed 3328K, reserved 1048576K
}

