# JRE version: Java(TM) SE Runtime Environment (8.0_151-b12) (build 1.8.0_151-b12)
# Java VM: Java HotSpot(TM) 64-Bit Server VM (25.151-b12 mixed mode windows-amd64 compressed oops)
Heap:
 PSYoungGen      total 138240K, used 10584K [0x00000000d5f00000, 0x00000000e8600000, 0x0000000100000000)
  eden space 133120K, 7% used [0x00000000d5f00000,0x00000000d69561b0,0x00000000de100000)
  from space 5120K, 0% used [0x00000000de100000,0x00000000de100000,0x00000000de600000)
  to   space 17920K, 0% used [0x00000000e7480000,0x00000000e7480000,0x00000000e8600000)
 ParOldGen       total 91136K, used 25037K [0x0000000081c00000, 0x0000000087500000, 0x00000000d5f00000)
  object space 91136K, 27% used [0x0000000081c00000,0x0000000083473730,0x0000000087500000)
 Metaspace       used 21984K, capacity 22434K, committed 22832K, reserved 1069056K
  class space    used 2618K, capacity 2745K, committed 2864K, reserved 1048576K
GC Heap History (10 events):
Event: 1.405 GC heap before
{Heap before GC invocations=2 (full 0):
 PSYoungGen      total 38400K, used 38399K [0x00000000d5f00000, 0x00000000daa00000, 0x0000000100000000)
  eden space 33280K, 100% used [0x00000000d5f00000,0x00000000d7f80000,0x00000000d7f80000)
  from space 5120K, 99% used [0x00000000d7f80000,0x00000000d847fde8,0x00000000d8480000)
  to   space 5120K, 0% used [0x00000000da500000,0x00000000da500000,0x00000000daa00000)
 ParOldGen       total 87552K, used 170K [0x0000000081c00000, 0x0000000087180000, 0x00000000d5f00000)
  object space 87552K, 0% used [0x0000000081c00000,0x0000000081c2ab48,0x0000000087180000)
 Metaspace       used 12009K, capacity 12266K, committed 12416K, reserved 1060864K
  class space    used 1469K, capacity 1575K, committed 1664K, reserved 1048576K
Event: 1.411 GC heap after
Heap after GC invocations=2 (full 0):
 PSYoungGen      total 71680K, used 5109K [0x00000000d5f00000, 0x00000000daa00000, 0x0000000100000000)
  eden space 66560K, 0% used [0x00000000d5f00000,0x00000000d5f00000,0x00000000da000000)
  from space 5120K, 99% used [0x00000000da500000,0x00000000da9fd700,0x00000000daa00000)
  to   space 5120K, 0% used [0x00000000da000000,0x00000000da000000,0x00000000da500000)
 ParOldGen       total 87552K, used 1924K [0x0000000081c00000, 0x0000000087180000, 0x00000000d5f00000)
  object space 87552K, 2% used [0x0000000081c00000,0x0000000081de10b8,0x0000000087180000)
 Metaspace       used 12009K, capacity 12266K, committed 12416K, reserved 1060864K
  class space    used 1469K, capacity 1575K, committed 1664K, reserved 1048576K
}
Event: 2.106 GC heap before
{Heap before GC invocations=3 (full 0):
 PSYoungGen      total 71680K, used 71669K [0x00000000d5f00000, 0x00000000daa00000, 0x0000000100000000)
  eden space 66560K, 100% used [0x00000000d5f00000,0x00000000da000000,0x00000000da000000)
  from space 5120K, 99% used [0x00000000da500000,0x00000000da9fd700,0x00000000daa00000)
  to   space 5120K, 0% used [0x00000000da000000,0x00000000da000000,0x00000000da500000)
 ParOldGen       total 87552K, used 1924K [0x0000000081c00000, 0x0000000087180000, 0x00000000d5f00000)
  object space 87552K, 2% used [0x0000000081c00000,0x0000000081de10b8,0x0000000087180000)
 Metaspace       used 15778K, capacity 16090K, committed 16384K, reserved 1062912K
  class space    used 1904K, capacity 1977K, committed 2048K, reserved 1048576K
Event: 2.120 GC heap after
Heap after GC invocations=3 (full 0):
 PSYoungGen      total 71680K, used 5088K [0x00000000d5f00000, 0x00000000deb00000, 0x0000000100000000)
  eden space 66560K, 0% used [0x00000000d5f00000,0x00000000d5f00000,0x00000000da000000)
  from space 5120K, 99% used [0x00000000da000000,0x00000000da4f8050,0x00000000da500000)
  to   space 5120K, 0% used [0x00000000de600000,0x00000000de600000,0x00000000deb00000)
 ParOldGen       total 87552K, used 9880K [0x0000000081c00000, 0x0000000087180000, 0x00000000d5f00000)
  object space 87552K, 11% used [0x0000000081c00000,0x00000000825a6068,0x0000000087180000)
 Metaspace       used 15778K, capacity 16090K, committed 16384K, reserved 1062912K
  class space    used 1904K, capacity 1977K, committed 2048K, reserved 1048576K
}
Event: 2.612 GC heap before
{Heap before GC invocations=4 (full 0):
 PSYoungGen      total 71680K, used 71648K [0x00000000d5f00000, 0x00000000deb00000, 0x0000000100000000)
  eden space 66560K, 100% used [0x00000000d5f00000,0x00000000da000000,0x00000000da000000)
  from space 5120K, 99% used [0x00000000da000000,0x00000000da4f8050,0x00000000da500000)
  to   space 5120K, 0% used [0x00000000de600000,0x00000000de600000,0x00000000deb00000)
 ParOldGen       total 87552K, used 9880K [0x0000000081c00000, 0x0000000087180000, 0x00000000d5f00000)
  object space 87552K, 11% used [0x0000000081c00000,0x00000000825a6068,0x0000000087180000)
 Metaspace       used 16266K, capacity 16594K, committed 16896K, reserved 1064960K
  class space    used 1939K, capacity 2013K, committed 2048K, reserved 1048576K
Event: 2.621 GC heap after
Heap after GC invocations=4 (full 0):
 PSYoungGen      total 138240K, used 5088K [0x00000000d5f00000, 0x00000000deb00000, 0x0000000100000000)
  eden space 133120K, 0% used [0x00000000d5f00000,0x00000000d5f00000,0x00000000de100000)
  from space 5120K, 99% used [0x00000000de600000,0x00000000deaf8030,0x00000000deb00000)
  to   space 5120K, 0% used [0x00000000de100000,0x00000000de100000,0x00000000de600000)
 ParOldGen       total 87552K, used 16588K [0x0000000081c00000, 0x0000000087180000, 0x00000000d5f00000)
  object space 87552K, 18% used [0x0000000081c00000,0x0000000082c330f0,0x0000000087180000)
 Metaspace       used 16266K, capacity 16594K, committed 16896K, reserved 1064960K
  class space    used 1939K, capacity 2013K, committed 2048K, reserved 1048576K
}
Event: 4.096 GC heap before
{Heap before GC invocations=5 (full 0):
 PSYoungGen      total 138240K, used 120661K [0x00000000d5f00000, 0x00000000deb00000, 0x0000000100000000)
  eden space 133120K, 86% used [0x00000000d5f00000,0x00000000dcfdd550,0x00000000de100000)
  from space 5120K, 99% used [0x00000000de600000,0x00000000deaf8030,0x00000000deb00000)
  to   space 5120K, 0% used [0x00000000de100000,0x00000000de100000,0x00000000de600000)
 ParOldGen       total 87552K, used 16588K [0x0000000081c00000, 0x0000000087180000, 0x00000000d5f00000)
  object space 87552K, 18% used [0x0000000081c00000,0x0000000082c330f0,0x0000000087180000)
 Metaspace       used 20766K, capacity 21186K, committed 21296K, reserved 1069056K
  class space    used 2482K, capacity 2585K, committed 2608K, reserved 1048576K
Event: 4.134 GC heap after
Heap after GC invocations=5 (full 0):
 PSYoungGen      total 138240K, used 5088K [0x00000000d5f00000, 0x00000000e8600000, 0x0000000100000000)
  eden space 133120K, 0% used [0x00000000d5f00000,0x00000000d5f00000,0x00000000de100000)
  from space 5120K, 99% used [0x00000000de100000,0x00000000de5f8050,0x00000000de600000)
  to   space 17920K, 0% used [0x00000000e7480000,0x00000000e7480000,0x00000000e8600000)
 ParOldGen       total 87552K, used 26318K [0x0000000081c00000, 0x0000000087180000, 0x00000000d5f00000)
  object space 87552K, 30% used [0x0000000081c00000,0x00000000835b3978,0x0000000087180000)
 Metaspace       used 20766K, capacity 21186K, committed 21296K, reserved 1069056K
  class space    used 2482K, capacity 2585K, committed 2608K, reserved 1048576K
}
Event: 4.134 GC heap before
{Heap before GC invocations=6 (full 1):
 PSYoungGen      total 138240K, used 5088K [0x00000000d5f00000, 0x00000000e8600000, 0x0000000100000000)
  eden space 133120K, 0% used [0x00000000d5f00000,0x00000000d5f00000,0x00000000de100000)
  from space 5120K, 99% used [0x00000000de100000,0x00000000de5f8050,0x00000000de600000)
  to   space 17920K, 0% used [0x00000000e7480000,0x00000000e7480000,0x00000000e8600000)
 ParOldGen       total 87552K, used 26318K [0x0000000081c00000, 0x0000000087180000, 0x00000000d5f00000)
  object space 87552K, 30% used [0x0000000081c00000,0x00000000835b3978,0x0000000087180000)
 Metaspace       used 20766K, capacity 21186K, committed 21296K, reserved 1069056K
  class space    used 2482K, capacity 2585K, committed 2608K, reserved 1048576K
Event: 4.251 GC heap after
Heap after GC invocations=6 (full 1):
 PSYoungGen      total 138240K, used 0K [0x00000000d5f00000, 0x00000000e8600000, 0x0000000100000000)
  eden space 133120K, 0% used [0x00000000d5f00000,0x00000000d5f00000,0x00000000de100000)
  from space 5120K, 0% used [0x00000000de100000,0x00000000de100000,0x00000000de600000)
  to   space 17920K, 0% used [0x00000000e7480000,0x00000000e7480000,0x00000000e8600000)
 ParOldGen       total 91136K, used 25037K [0x0000000081c00000, 0x0000000087500000, 0x00000000d5f00000)
  object space 91136K, 27% used [0x0000000081c00000,0x0000000083473730,0x0000000087500000)
 Metaspace       used 20766K, capacity 21186K, committed 21296K, reserved 1069056K
  class space    used 2482K, capacity 2585K, committed 2608K, reserved 1048576K
}

