# JRE version: Java(TM) SE Runtime Environment (8.0_151-b12) (build 1.8.0_151-b12)
# Java VM: Java HotSpot(TM) 64-Bit Server VM (25.151-b12 mixed mode windows-amd64 compressed oops)
Heap:
 PSYoungGen      total 146432K, used 84525K [0x00000000d5f00000, 0x00000000e8000000, 0x0000000100000000)
  eden space 132608K, 63% used [0x00000000d5f00000,0x00000000db18b5e8,0x00000000de080000)
  from space 13824K, 0% used [0x00000000de080000,0x00000000de080000,0x00000000dee00000)
  to   space 15360K, 0% used [0x00000000e7100000,0x00000000e7100000,0x00000000e8000000)
 ParOldGen       total 81920K, used 24270K [0x0000000081c00000, 0x0000000086c00000, 0x00000000d5f00000)
  object space 81920K, 29% used [0x0000000081c00000,0x00000000833b3bb8,0x0000000086c00000)
 Metaspace       used 25389K, capacity 25962K, committed 26240K, reserved 1073152K
  class space    used 2978K, capacity 3179K, committed 3200K, reserved 1048576K
GC Heap History (10 events):
Event: 1.402 GC heap before
{Heap before GC invocations=4 (full 0):
 PSYoungGen      total 38400K, used 38384K [0x00000000d5f00000, 0x00000000daa00000, 0x0000000100000000)
  eden space 33280K, 100% used [0x00000000d5f00000,0x00000000d7f80000,0x00000000d7f80000)
  from space 5120K, 99% used [0x00000000d7f80000,0x00000000d847c080,0x00000000d8480000)
  to   space 5120K, 0% used [0x00000000da500000,0x00000000da500000,0x00000000daa00000)
 ParOldGen       total 87552K, used 5614K [0x0000000081c00000, 0x0000000087180000, 0x00000000d5f00000)
  object space 87552K, 6% used [0x0000000081c00000,0x000000008217b898,0x0000000087180000)
 Metaspace       used 15764K, capacity 16090K, committed 16384K, reserved 1062912K
  class space    used 1904K, capacity 1977K, committed 2048K, reserved 1048576K
Event: 1.410 GC heap after
Heap after GC invocations=4 (full 0):
 PSYoungGen      total 71680K, used 5096K [0x00000000d5f00000, 0x00000000daa00000, 0x0000000100000000)
  eden space 66560K, 0% used [0x00000000d5f00000,0x00000000d5f00000,0x00000000da000000)
  from space 5120K, 99% used [0x00000000da500000,0x00000000da9fa050,0x00000000daa00000)
  to   space 5120K, 0% used [0x00000000da000000,0x00000000da000000,0x00000000da500000)
 ParOldGen       total 87552K, used 9832K [0x0000000081c00000, 0x0000000087180000, 0x00000000d5f00000)
  object space 87552K, 11% used [0x0000000081c00000,0x000000008259a090,0x0000000087180000)
 Metaspace       used 15764K, capacity 16090K, committed 16384K, reserved 1062912K
  class space    used 1904K, capacity 1977K, committed 2048K, reserved 1048576K
}
Event: 1.714 GC heap before
{Heap before GC invocations=5 (full 0):
 PSYoungGen      total 71680K, used 71656K [0x00000000d5f00000, 0x00000000daa00000, 0x0000000100000000)
  eden space 66560K, 100% used [0x00000000d5f00000,0x00000000da000000,0x00000000da000000)
  from space 5120K, 99% used [0x00000000da500000,0x00000000da9fa050,0x00000000daa00000)
  to   space 5120K, 0% used [0x00000000da000000,0x00000000da000000,0x00000000da500000)
 ParOldGen       total 87552K, used 9832K [0x0000000081c00000, 0x0000000087180000, 0x00000000d5f00000)
  object space 87552K, 11% used [0x0000000081c00000,0x000000008259a090,0x0000000087180000)
 Metaspace       used 16248K, capacity 16530K, committed 16896K, reserved 1064960K
  class space    used 1939K, capacity 2013K, committed 2048K, reserved 1048576K
Event: 1.728 GC heap after
Heap after GC invocations=5 (full 0):
 PSYoungGen      total 71680K, used 5088K [0x00000000d5f00000, 0x00000000dfb00000, 0x0000000100000000)
  eden space 66560K, 0% used [0x00000000d5f00000,0x00000000d5f00000,0x00000000da000000)
  from space 5120K, 99% used [0x00000000da000000,0x00000000da4f8050,0x00000000da500000)
  to   space 13312K, 0% used [0x00000000dee00000,0x00000000dee00000,0x00000000dfb00000)
 ParOldGen       total 87552K, used 16592K [0x0000000081c00000, 0x0000000087180000, 0x00000000d5f00000)
  object space 87552K, 18% used [0x0000000081c00000,0x0000000082c341a8,0x0000000087180000)
 Metaspace       used 16248K, capacity 16530K, committed 16896K, reserved 1064960K
  class space    used 1939K, capacity 2013K, committed 2048K, reserved 1048576K
}
Event: 2.079 GC heap before
{Heap before GC invocations=6 (full 0):
 PSYoungGen      total 71680K, used 71648K [0x00000000d5f00000, 0x00000000dfb00000, 0x0000000100000000)
  eden space 66560K, 100% used [0x00000000d5f00000,0x00000000da000000,0x00000000da000000)
  from space 5120K, 99% used [0x00000000da000000,0x00000000da4f8050,0x00000000da500000)
  to   space 13312K, 0% used [0x00000000dee00000,0x00000000dee00000,0x00000000dfb00000)
 ParOldGen       total 87552K, used 16592K [0x0000000081c00000, 0x0000000087180000, 0x00000000d5f00000)
  object space 87552K, 18% used [0x0000000081c00000,0x0000000082c341a8,0x0000000087180000)
 Metaspace       used 16772K, capacity 17098K, committed 17536K, reserved 1064960K
  class space    used 1957K, capacity 2049K, committed 2176K, reserved 1048576K
Event: 2.092 GC heap after
Heap after GC invocations=6 (full 0):
 PSYoungGen      total 145920K, used 10752K [0x00000000d5f00000, 0x00000000dfc00000, 0x0000000100000000)
  eden space 132608K, 0% used [0x00000000d5f00000,0x00000000d5f00000,0x00000000de080000)
  from space 13312K, 80% used [0x00000000dee00000,0x00000000df880030,0x00000000dfb00000)
  to   space 13824K, 0% used [0x00000000de080000,0x00000000de080000,0x00000000dee00000)
 ParOldGen       total 87552K, used 16600K [0x0000000081c00000, 0x0000000087180000, 0x00000000d5f00000)
  object space 87552K, 18% used [0x0000000081c00000,0x0000000082c361a8,0x0000000087180000)
 Metaspace       used 16772K, capacity 17098K, committed 17536K, reserved 1064960K
  class space    used 1957K, capacity 2049K, committed 2176K, reserved 1048576K
}
Event: 2.488 GC heap before
{Heap before GC invocations=7 (full 0):
 PSYoungGen      total 145920K, used 58212K [0x00000000d5f00000, 0x00000000dfc00000, 0x0000000100000000)
  eden space 132608K, 35% used [0x00000000d5f00000,0x00000000d8d59260,0x00000000de080000)
  from space 13312K, 80% used [0x00000000dee00000,0x00000000df880030,0x00000000dfb00000)
  to   space 13824K, 0% used [0x00000000de080000,0x00000000de080000,0x00000000dee00000)
 ParOldGen       total 87552K, used 16600K [0x0000000081c00000, 0x0000000087180000, 0x00000000d5f00000)
  object space 87552K, 18% used [0x0000000081c00000,0x0000000082c361a8,0x0000000087180000)
 Metaspace       used 20681K, capacity 21058K, committed 21296K, reserved 1069056K
  class space    used 2465K, capacity 2585K, committed 2688K, reserved 1048576K
Event: 2.505 GC heap after
Heap after GC invocations=7 (full 0):
 PSYoungGen      total 146432K, used 12720K [0x00000000d5f00000, 0x00000000e8000000, 0x0000000100000000)
  eden space 132608K, 0% used [0x00000000d5f00000,0x00000000d5f00000,0x00000000de080000)
  from space 13824K, 92% used [0x00000000de080000,0x00000000decec160,0x00000000dee00000)
  to   space 15360K, 0% used [0x00000000e7100000,0x00000000e7100000,0x00000000e8000000)
 ParOldGen       total 87552K, used 18364K [0x0000000081c00000, 0x0000000087180000, 0x00000000d5f00000)
  object space 87552K, 20% used [0x0000000081c00000,0x0000000082def268,0x0000000087180000)
 Metaspace       used 20681K, capacity 21058K, committed 21296K, reserved 1069056K
  class space    used 2465K, capacity 2585K, committed 2688K, reserved 1048576K
}
Event: 2.505 GC heap before
{Heap before GC invocations=8 (full 1):
 PSYoungGen      total 146432K, used 12720K [0x00000000d5f00000, 0x00000000e8000000, 0x0000000100000000)
  eden space 132608K, 0% used [0x00000000d5f00000,0x00000000d5f00000,0x00000000de080000)
  from space 13824K, 92% used [0x00000000de080000,0x00000000decec160,0x00000000dee00000)
  to   space 15360K, 0% used [0x00000000e7100000,0x00000000e7100000,0x00000000e8000000)
 ParOldGen       total 87552K, used 18364K [0x0000000081c00000, 0x0000000087180000, 0x00000000d5f00000)
  object space 87552K, 20% used [0x0000000081c00000,0x0000000082def268,0x0000000087180000)
 Metaspace       used 20681K, capacity 21058K, committed 21296K, reserved 1069056K
  class space    used 2465K, capacity 2585K, committed 2688K, reserved 1048576K
Event: 2.581 GC heap after
Heap after GC invocations=8 (full 1):
 PSYoungGen      total 146432K, used 0K [0x00000000d5f00000, 0x00000000e8000000, 0x0000000100000000)
  eden space 132608K, 0% used [0x00000000d5f00000,0x00000000d5f00000,0x00000000de080000)
  from space 13824K, 0% used [0x00000000de080000,0x00000000de080000,0x00000000dee00000)
  to   space 15360K, 0% used [0x00000000e7100000,0x00000000e7100000,0x00000000e8000000)
 ParOldGen       total 81920K, used 24270K [0x0000000081c00000, 0x0000000086c00000, 0x00000000d5f00000)
  object space 81920K, 29% used [0x0000000081c00000,0x00000000833b3bb8,0x0000000086c00000)
 Metaspace       used 20681K, capacity 21058K, committed 21296K, reserved 1069056K
  class space    used 2465K, capacity 2585K, committed 2688K, reserved 1048576K
}

