<?xml version="1.0" encoding="UTF-8"?>
<!-- Generated by org.testng.reporters.JUnitXMLReporter -->
<testsuite hostname="WIN-CI6ME65782J" name="arangodb-crud-mutitenancy" tests="15" failures="4" timestamp="9 May 2020 09:09:53 GMT" time="4.825" errors="0">
  <testcase name="queryComputersTest" time="0.127" classname="com.bigdata.springboot.arangodbcrud.ADbCrudApplicationTestNG"/>
  <testcase name="listDataSourceTest" time="0.035" classname="com.bigdata.springboot.arangodbcrud.ADbCrudApplicationTestNG"/>
  <testcase name="viewNotebookTest" time="0.037" classname="com.bigdata.springboot.arangodbcrud.ADbCrudApplicationTestNG"/>
  <testcase name="queryExperimentsByDateTest" time="0.039" classname="com.bigdata.springboot.arangodbcrud.ADbCrudApplicationTestNG"/>
  <testcase name="getTimeSecTest" time="0.0" classname="com.bigdata.springboot.arangodbcrud.ADbCrudApplicationTestNG"/>
  <testcase name="savedsTest" time="0.037" classname="com.bigdata.springboot.arangodbcrud.ADbCrudApplicationTestNG"/>
  <testcase name="createnotebooksTest" time="0.147" classname="com.bigdata.springboot.arangodbcrud.ADbCrudApplicationTestNG"/>
  <testcase name="saveComputeTest" time="0.033" classname="com.bigdata.springboot.arangodbcrud.ADbCrudApplicationTestNG"/>
  <testcase name="editdsTest" time="0.039" classname="com.bigdata.springboot.arangodbcrud.ADbCrudApplicationTestNG">
    <failure type="java.lang.AssertionError" message="expected [success] but found [failed]">
      <![CDATA[java.lang.AssertionError: expected [success] but found [failed]
	at com.bigdata.springboot.arangodbcrud.ADbCrudApplicationTestNG.editdsTest(ADbCrudApplicationTestNG.java:171)
	at org.springframework.test.context.testng.AbstractTestNGSpringContextTests.run(AbstractTestNGSpringContextTests.java:181)
... Removed 33 stack frames]]>
    </failure>
  </testcase> <!-- editdsTest -->
  <testcase name="editnotebooksTest" time="0.001" classname="com.bigdata.springboot.arangodbcrud.ADbCrudApplicationTestNG"/>
  <testcase name="deletenotebooksTest" time="0.049" classname="com.bigdata.springboot.arangodbcrud.ADbCrudApplicationTestNG"/>
  <testcase name="editComputeTest" time="0.036" classname="com.bigdata.springboot.arangodbcrud.ADbCrudApplicationTestNG">
    <failure type="java.lang.AssertionError" message="expected [success] but found [failed]">
      <![CDATA[java.lang.AssertionError: expected [success] but found [failed]
	at com.bigdata.springboot.arangodbcrud.ADbCrudApplicationTestNG.editComputeTest(ADbCrudApplicationTestNG.java:141)
	at org.springframework.test.context.testng.AbstractTestNGSpringContextTests.run(AbstractTestNGSpringContextTests.java:181)
... Removed 33 stack frames]]>
    </failure>
  </testcase> <!-- editComputeTest -->
  <testcase name="deletedsTest" time="0.035" classname="com.bigdata.springboot.arangodbcrud.ADbCrudApplicationTestNG">
    <failure type="java.lang.AssertionError" message="expected [success] but found [failed]">
      <![CDATA[java.lang.AssertionError: expected [success] but found [failed]
	at com.bigdata.springboot.arangodbcrud.ADbCrudApplicationTestNG.deletedsTest(ADbCrudApplicationTestNG.java:176)
	at org.springframework.test.context.testng.AbstractTestNGSpringContextTests.run(AbstractTestNGSpringContextTests.java:181)
... Removed 33 stack frames]]>
    </failure>
  </testcase> <!-- deletedsTest -->
  <testcase name="deleteComputeTest" time="0.034" classname="com.bigdata.springboot.arangodbcrud.ADbCrudApplicationTestNG">
    <failure type="java.lang.AssertionError" message="expected [success] but found [failed]">
      <![CDATA[java.lang.AssertionError: expected [success] but found [failed]
	at com.bigdata.springboot.arangodbcrud.ADbCrudApplicationTestNG.deleteComputeTest(ADbCrudApplicationTestNG.java:146)
	at org.springframework.test.context.testng.AbstractTestNGSpringContextTests.run(AbstractTestNGSpringContextTests.java:181)
... Removed 33 stack frames]]>
    </failure>
  </testcase> <!-- deleteComputeTest -->
  <testcase name="saveExperimentTest" time="0.034" classname="com.bigdata.springboot.arangodbcrud.ADbCrudApplicationTestNG"/>
</testsuite> <!-- arangodb-crud-mutitenancy -->
