<?xml version="1.0" encoding="UTF-8"?>
<!-- Generated by org.testng.reporters.JUnitXMLReporter -->
<testsuite hostname="hongzhi-HP" ignored="0" name="testController" tests="12" failures="0" timestamp="2020-04-03T17:45:34 SGT" time="0.838" errors="0">
  <testcase name="createDatabaseTest" time="0.164" classname="com.bigdata.springboot.arangodbcrud.ArangoDbAdapterTest"/>
  <testcase name="selectDatabaseTest" time="0.009" classname="com.bigdata.springboot.arangodbcrud.ArangoDbAdapterTest"/>
  <testcase name="createCollectionTest" time="0.023" classname="com.bigdata.springboot.arangodbcrud.ArangoDbAdapterTest"/>
  <testcase name="insertDocumentTest" time="0.027" classname="com.bigdata.springboot.arangodbcrud.ArangoDbAdapterTest"/>
  <testcase name="getVelocyDocumentTest" time="0.015" classname="com.bigdata.springboot.arangodbcrud.ArangoDbAdapterTest"/>
  <testcase name="updateDocumentTest" time="0.047" classname="com.bigdata.springboot.arangodbcrud.ArangoDbAdapterTest"/>
  <testcase name="getDocumentTest" time="0.005" classname="com.bigdata.springboot.arangodbcrud.ArangoDbAdapterTest"/>
  <testcase name="deleteDocumentTest" time="0.008" classname="com.bigdata.springboot.arangodbcrud.ArangoDbAdapterTest"/>
  <testcase name="executeQueryTest1" time="0.052" classname="com.bigdata.springboot.arangodbcrud.ArangoDbAdapterTest"/>
  <testcase name="executeQueryTest2" time="0.034" classname="com.bigdata.springboot.arangodbcrud.ArangoDbAdapterTest"/>
  <testcase name="dropCollectionTest" time="0.003" classname="com.bigdata.springboot.arangodbcrud.ArangoDbAdapterTest"/>
  <testcase name="dropDatabaseTest" time="0.055" classname="com.bigdata.springboot.arangodbcrud.ArangoDbAdapterTest"/>
</testsuite> <!-- testController -->
